# JRE version: OpenJDK Runtime Environment (8.0_152-b01) (build 1.8.0_152-release-1343-b01)
# Java VM: OpenJDK 64-Bit Server VM (25.152-b01 mixed mode windows-amd64 compressed oops)
Heap:
 PSYoungGen      total 272896K, used 126490K [0x00000000e0000000, 0x00000000f6380000, 0x0000000100000000)
  eden space 205312K, 47% used [0x00000000e0000000,0x00000000e5e6a1b0,0x00000000ec880000)
  from space 67584K, 44% used [0x00000000ec880000,0x00000000ee59c6c0,0x00000000f0a80000)
  to   space 64512K, 0% used [0x00000000f2480000,0x00000000f2480000,0x00000000f6380000)
 ParOldGen       total 132608K, used 92300K [0x00000000a0000000, 0x00000000a8180000, 0x00000000e0000000)
  object space 132608K, 69% used [0x00000000a0000000,0x00000000a5a23250,0x00000000a8180000)
 Metaspace       used 100797K, capacity 106140K, committed 106328K, reserved 1142784K
  class space    used 12665K, capacity 13619K, committed 13656K, reserved 1048576K
GC Heap History (10 events):
Event: 3409.568 GC heap before
{Heap before GC invocations=47 (full 4):
 PSYoungGen      total 216064K, used 200177K [0x00000000e0000000, 0x00000000f1000000, 0x0000000100000000)
  eden space 168960K, 92% used [0x00000000e0000000,0x00000000e98e4d68,0x00000000ea500000)
  from space 47104K, 92% used [0x00000000ed800000,0x00000000f0297a90,0x00000000f0600000)
  to   space 52224K, 0% used [0x00000000ea500000,0x00000000ea500000,0x00000000ed800000)
 ParOldGen       total 132608K, used 74399K [0x00000000a0000000, 0x00000000a8180000, 0x00000000e0000000)
  object space 132608K, 56% used [0x00000000a0000000,0x00000000a48a7db8,0x00000000a8180000)
 Metaspace       used 90281K, capacity 94546K, committed 94680K, reserved 1132544K
  class space    used 11397K, capacity 12202K, committed 12248K, reserved 1048576K
Event: 3409.715 GC heap after
Heap after GC invocations=47 (full 4):
 PSYoungGen      total 221184K, used 52209K [0x00000000e0000000, 0x00000000f2f80000, 0x0000000100000000)
  eden space 168960K, 0% used [0x00000000e0000000,0x00000000e0000000,0x00000000ea500000)
  from space 52224K, 99% used [0x00000000ea500000,0x00000000ed7fc6d0,0x00000000ed800000)
  to   space 60928K, 0% used [0x00000000ef400000,0x00000000ef400000,0x00000000f2f80000)
 ParOldGen       total 132608K, used 76838K [0x00000000a0000000, 0x00000000a8180000, 0x00000000e0000000)
  object space 132608K, 57% used [0x00000000a0000000,0x00000000a4b09948,0x00000000a8180000)
 Metaspace       used 90281K, capacity 94546K, committed 94680K, reserved 1132544K
  class space    used 11397K, capacity 12202K, committed 12248K, reserved 1048576K
}
Event: 3417.619 GC heap before
{Heap before GC invocations=48 (full 4):
 PSYoungGen      total 221184K, used 221169K [0x00000000e0000000, 0x00000000f2f80000, 0x0000000100000000)
  eden space 168960K, 100% used [0x00000000e0000000,0x00000000ea500000,0x00000000ea500000)
  from space 52224K, 99% used [0x00000000ea500000,0x00000000ed7fc6d0,0x00000000ed800000)
  to   space 60928K, 0% used [0x00000000ef400000,0x00000000ef400000,0x00000000f2f80000)
 ParOldGen       total 132608K, used 76838K [0x00000000a0000000, 0x00000000a8180000, 0x00000000e0000000)
  object space 132608K, 57% used [0x00000000a0000000,0x00000000a4b09948,0x00000000a8180000)
 Metaspace       used 99623K, capacity 104908K, committed 105048K, reserved 1140736K
  class space    used 12611K, capacity 13573K, committed 13656K, reserved 1048576K
Event: 3417.822 GC heap after
Heap after GC invocations=48 (full 4):
 PSYoungGen      total 244224K, used 50904K [0x00000000e0000000, 0x00000000f3a00000, 0x0000000100000000)
  eden space 183296K, 0% used [0x00000000e0000000,0x00000000e0000000,0x00000000eb300000)
  from space 60928K, 83% used [0x00000000ef400000,0x00000000f25b6210,0x00000000f2f80000)
  to   space 66560K, 0% used [0x00000000eb300000,0x00000000eb300000,0x00000000ef400000)
 ParOldGen       total 132608K, used 76934K [0x00000000a0000000, 0x00000000a8180000, 0x00000000e0000000)
  object space 132608K, 58% used [0x00000000a0000000,0x00000000a4b21a60,0x00000000a8180000)
 Metaspace       used 99623K, capacity 104908K, committed 105048K, reserved 1140736K
  class space    used 12611K, capacity 13573K, committed 13656K, reserved 1048576K
}
Event: 3420.148 GC heap before
{Heap before GC invocations=49 (full 4):
 PSYoungGen      total 244224K, used 234200K [0x00000000e0000000, 0x00000000f3a00000, 0x0000000100000000)
  eden space 183296K, 100% used [0x00000000e0000000,0x00000000eb300000,0x00000000eb300000)
  from space 60928K, 83% used [0x00000000ef400000,0x00000000f25b6210,0x00000000f2f80000)
  to   space 66560K, 0% used [0x00000000eb300000,0x00000000eb300000,0x00000000ef400000)
 ParOldGen       total 132608K, used 76934K [0x00000000a0000000, 0x00000000a8180000, 0x00000000e0000000)
  object space 132608K, 58% used [0x00000000a0000000,0x00000000a4b21a60,0x00000000a8180000)
 Metaspace       used 100323K, capacity 105664K, committed 105816K, reserved 1140736K
  class space    used 12625K, capacity 13581K, committed 13656K, reserved 1048576K
Event: 3420.228 GC heap after
Heap after GC invocations=49 (full 4):
 PSYoungGen      total 249856K, used 45487K [0x00000000e0000000, 0x00000000f4d80000, 0x0000000100000000)
  eden space 183296K, 0% used [0x00000000e0000000,0x00000000e0000000,0x00000000eb300000)
  from space 66560K, 68% used [0x00000000eb300000,0x00000000edf6bda0,0x00000000ef400000)
  to   space 68608K, 0% used [0x00000000f0a80000,0x00000000f0a80000,0x00000000f4d80000)
 ParOldGen       total 132608K, used 76966K [0x00000000a0000000, 0x00000000a8180000, 0x00000000e0000000)
  object space 132608K, 58% used [0x00000000a0000000,0x00000000a4b29a60,0x00000000a8180000)
 Metaspace       used 100323K, capacity 105664K, committed 105816K, reserved 1140736K
  class space    used 12625K, capacity 13581K, committed 13656K, reserved 1048576K
}
Event: 3421.288 GC heap before
{Heap before GC invocations=50 (full 4):
 PSYoungGen      total 249856K, used 228783K [0x00000000e0000000, 0x00000000f4d80000, 0x0000000100000000)
  eden space 183296K, 100% used [0x00000000e0000000,0x00000000eb300000,0x00000000eb300000)
  from space 66560K, 68% used [0x00000000eb300000,0x00000000edf6bda0,0x00000000ef400000)
  to   space 68608K, 0% used [0x00000000f0a80000,0x00000000f0a80000,0x00000000f4d80000)
 ParOldGen       total 132608K, used 76966K [0x00000000a0000000, 0x00000000a8180000, 0x00000000e0000000)
  object space 132608K, 58% used [0x00000000a0000000,0x00000000a4b29a60,0x00000000a8180000)
 Metaspace       used 100619K, capacity 105988K, committed 106072K, reserved 1142784K
  class space    used 12651K, capacity 13617K, committed 13656K, reserved 1048576K
Event: 3421.420 GC heap after
Heap after GC invocations=50 (full 4):
 PSYoungGen      total 273920K, used 38621K [0x00000000e0000000, 0x00000000f5080000, 0x0000000100000000)
  eden space 205312K, 0% used [0x00000000e0000000,0x00000000e0000000,0x00000000ec880000)
  from space 68608K, 56% used [0x00000000f0a80000,0x00000000f3037438,0x00000000f4d80000)
  to   space 67584K, 0% used [0x00000000ec880000,0x00000000ec880000,0x00000000f0a80000)
 ParOldGen       total 132608K, used 84380K [0x00000000a0000000, 0x00000000a8180000, 0x00000000e0000000)
  object space 132608K, 63% used [0x00000000a0000000,0x00000000a5267160,0x00000000a8180000)
 Metaspace       used 100619K, capacity 105988K, committed 106072K, reserved 1142784K
  class space    used 12651K, capacity 13617K, committed 13656K, reserved 1048576K
}
Event: 3422.805 GC heap before
{Heap before GC invocations=51 (full 4):
 PSYoungGen      total 273920K, used 243933K [0x00000000e0000000, 0x00000000f5080000, 0x0000000100000000)
  eden space 205312K, 100% used [0x00000000e0000000,0x00000000ec880000,0x00000000ec880000)
  from space 68608K, 56% used [0x00000000f0a80000,0x00000000f3037438,0x00000000f4d80000)
  to   space 67584K, 0% used [0x00000000ec880000,0x00000000ec880000,0x00000000f0a80000)
 ParOldGen       total 132608K, used 84380K [0x00000000a0000000, 0x00000000a8180000, 0x00000000e0000000)
  object space 132608K, 63% used [0x00000000a0000000,0x00000000a5267160,0x00000000a8180000)
 Metaspace       used 100763K, capacity 106136K, committed 106328K, reserved 1142784K
  class space    used 12664K, capacity 13619K, committed 13656K, reserved 1048576K
Event: 3422.900 GC heap after
Heap after GC invocations=51 (full 4):
 PSYoungGen      total 272896K, used 29809K [0x00000000e0000000, 0x00000000f6380000, 0x0000000100000000)
  eden space 205312K, 0% used [0x00000000e0000000,0x00000000e0000000,0x00000000ec880000)
  from space 67584K, 44% used [0x00000000ec880000,0x00000000ee59c6c0,0x00000000f0a80000)
  to   space 64512K, 0% used [0x00000000f2480000,0x00000000f2480000,0x00000000f6380000)
 ParOldGen       total 132608K, used 92300K [0x00000000a0000000, 0x00000000a8180000, 0x00000000e0000000)
  object space 132608K, 69% used [0x00000000a0000000,0x00000000a5a23250,0x00000000a8180000)
 Metaspace       used 100763K, capacity 106136K, committed 106328K, reserved 1142784K
  class space    used 12664K, capacity 13619K, committed 13656K, reserved 1048576K
}

