# JRE version: OpenJDK Runtime Environment (8.0_152-b01) (build 1.8.0_152-release-1343-b01)
# Java VM: OpenJDK 64-Bit Server VM (25.152-b01 mixed mode windows-amd64 compressed oops)
Heap:
 PSYoungGen      total 298496K, used 94868K [0x00000000e0000000, 0x00000000f5880000, 0x0000000100000000)
  eden space 257536K, 23% used [0x00000000e0000000,0x00000000e3badf70,0x00000000efb80000)
  from space 40960K, 82% used [0x00000000f2700000,0x00000000f47f73c8,0x00000000f4f00000)
  to   space 44544K, 0% used [0x00000000efb80000,0x00000000efb80000,0x00000000f2700000)
 ParOldGen       total 152576K, used 69689K [0x00000000a0000000, 0x00000000a9500000, 0x00000000e0000000)
  object space 152576K, 45% used [0x00000000a0000000,0x00000000a440e7b8,0x00000000a9500000)
 Metaspace       used 95160K, capacity 99358K, committed 99604K, reserved 1136640K
  class space    used 12117K, capacity 13047K, committed 13116K, reserved 1048576K
GC Heap History (10 events):
Event: 185.578 GC heap before
{Heap before GC invocations=32 (full 4):
 PSYoungGen      total 214016K, used 198644K [0x00000000e0000000, 0x00000000f0480000, 0x0000000100000000)
  eden space 183808K, 100% used [0x00000000e0000000,0x00000000eb380000,0x00000000eb380000)
  from space 30208K, 49% used [0x00000000eb380000,0x00000000ec1fd2d8,0x00000000ed100000)
  to   space 29184K, 0% used [0x00000000ee800000,0x00000000ee800000,0x00000000f0480000)
 ParOldGen       total 152576K, used 69649K [0x00000000a0000000, 0x00000000a9500000, 0x00000000e0000000)
  object space 152576K, 45% used [0x00000000a0000000,0x00000000a44047b8,0x00000000a9500000)
 Metaspace       used 85926K, capacity 88832K, committed 88980K, reserved 1126400K
  class space    used 10984K, capacity 11614K, committed 11708K, reserved 1048576K
Event: 185.607 GC heap after
Heap after GC invocations=32 (full 4):
 PSYoungGen      total 230400K, used 9007K [0x00000000e0000000, 0x00000000f0000000, 0x0000000100000000)
  eden space 205824K, 0% used [0x00000000e0000000,0x00000000e0000000,0x00000000ec900000)
  from space 24576K, 36% used [0x00000000ee800000,0x00000000ef0cbc68,0x00000000f0000000)
  to   space 28160K, 0% used [0x00000000ec900000,0x00000000ec900000,0x00000000ee480000)
 ParOldGen       total 152576K, used 69657K [0x00000000a0000000, 0x00000000a9500000, 0x00000000e0000000)
  object space 152576K, 45% used [0x00000000a0000000,0x00000000a44067b8,0x00000000a9500000)
 Metaspace       used 85926K, capacity 88832K, committed 88980K, reserved 1126400K
  class space    used 10984K, capacity 11614K, committed 11708K, reserved 1048576K
}
Event: 189.014 GC heap before
{Heap before GC invocations=33 (full 4):
 PSYoungGen      total 230400K, used 214831K [0x00000000e0000000, 0x00000000f0000000, 0x0000000100000000)
  eden space 205824K, 100% used [0x00000000e0000000,0x00000000ec900000,0x00000000ec900000)
  from space 24576K, 36% used [0x00000000ee800000,0x00000000ef0cbc68,0x00000000f0000000)
  to   space 28160K, 0% used [0x00000000ec900000,0x00000000ec900000,0x00000000ee480000)
 ParOldGen       total 152576K, used 69657K [0x00000000a0000000, 0x00000000a9500000, 0x00000000e0000000)
  object space 152576K, 45% used [0x00000000a0000000,0x00000000a44067b8,0x00000000a9500000)
 Metaspace       used 86518K, capacity 89508K, committed 89748K, reserved 1128448K
  class space    used 11038K, capacity 11699K, committed 11708K, reserved 1048576K
Event: 189.077 GC heap after
Heap after GC invocations=33 (full 4):
 PSYoungGen      total 233984K, used 24746K [0x00000000e0000000, 0x00000000f1d80000, 0x0000000100000000)
  eden space 205824K, 0% used [0x00000000e0000000,0x00000000e0000000,0x00000000ec900000)
  from space 28160K, 87% used [0x00000000ec900000,0x00000000ee12aa70,0x00000000ee480000)
  to   space 31232K, 0% used [0x00000000eff00000,0x00000000eff00000,0x00000000f1d80000)
 ParOldGen       total 152576K, used 69665K [0x00000000a0000000, 0x00000000a9500000, 0x00000000e0000000)
  object space 152576K, 45% used [0x00000000a0000000,0x00000000a44087b8,0x00000000a9500000)
 Metaspace       used 86518K, capacity 89508K, committed 89748K, reserved 1128448K
  class space    used 11038K, capacity 11699K, committed 11708K, reserved 1048576K
}
Event: 261.916 GC heap before
{Heap before GC invocations=34 (full 4):
 PSYoungGen      total 233984K, used 230570K [0x00000000e0000000, 0x00000000f1d80000, 0x0000000100000000)
  eden space 205824K, 100% used [0x00000000e0000000,0x00000000ec900000,0x00000000ec900000)
  from space 28160K, 87% used [0x00000000ec900000,0x00000000ee12aa70,0x00000000ee480000)
  to   space 31232K, 0% used [0x00000000eff00000,0x00000000eff00000,0x00000000f1d80000)
 ParOldGen       total 152576K, used 69665K [0x00000000a0000000, 0x00000000a9500000, 0x00000000e0000000)
  object space 152576K, 45% used [0x00000000a0000000,0x00000000a44087b8,0x00000000a9500000)
 Metaspace       used 87116K, capacity 90248K, committed 90388K, reserved 1128448K
  class space    used 11137K, capacity 11793K, committed 11836K, reserved 1048576K
Event: 262.532 GC heap after
Heap after GC invocations=34 (full 4):
 PSYoungGen      total 256512K, used 30207K [0x00000000e0000000, 0x00000000f2400000, 0x0000000100000000)
  eden space 225280K, 0% used [0x00000000e0000000,0x00000000e0000000,0x00000000edc00000)
  from space 31232K, 96% used [0x00000000eff00000,0x00000000f1c7ffa0,0x00000000f1d80000)
  to   space 35840K, 0% used [0x00000000edc00000,0x00000000edc00000,0x00000000eff00000)
 ParOldGen       total 152576K, used 69673K [0x00000000a0000000, 0x00000000a9500000, 0x00000000e0000000)
  object space 152576K, 45% used [0x00000000a0000000,0x00000000a440a7b8,0x00000000a9500000)
 Metaspace       used 87116K, capacity 90248K, committed 90388K, reserved 1128448K
  class space    used 11137K, capacity 11793K, committed 11836K, reserved 1048576K
}
Event: 271.842 GC heap before
{Heap before GC invocations=35 (full 4):
 PSYoungGen      total 256512K, used 255487K [0x00000000e0000000, 0x00000000f2400000, 0x0000000100000000)
  eden space 225280K, 100% used [0x00000000e0000000,0x00000000edc00000,0x00000000edc00000)
  from space 31232K, 96% used [0x00000000eff00000,0x00000000f1c7ffa0,0x00000000f1d80000)
  to   space 35840K, 0% used [0x00000000edc00000,0x00000000edc00000,0x00000000eff00000)
 ParOldGen       total 152576K, used 69673K [0x00000000a0000000, 0x00000000a9500000, 0x00000000e0000000)
  object space 152576K, 45% used [0x00000000a0000000,0x00000000a440a7b8,0x00000000a9500000)
 Metaspace       used 92871K, capacity 96376K, committed 96660K, reserved 1132544K
  class space    used 11827K, capacity 12640K, committed 12732K, reserved 1048576K
Event: 272.854 GC heap after
Heap after GC invocations=35 (full 4):
 PSYoungGen      total 261120K, used 34943K [0x00000000e0000000, 0x00000000f4f00000, 0x0000000100000000)
  eden space 225280K, 0% used [0x00000000e0000000,0x00000000e0000000,0x00000000edc00000)
  from space 35840K, 97% used [0x00000000edc00000,0x00000000efe1ff50,0x00000000eff00000)
  to   space 40960K, 0% used [0x00000000f2700000,0x00000000f2700000,0x00000000f4f00000)
 ParOldGen       total 152576K, used 69681K [0x00000000a0000000, 0x00000000a9500000, 0x00000000e0000000)
  object space 152576K, 45% used [0x00000000a0000000,0x00000000a440c7b8,0x00000000a9500000)
 Metaspace       used 92871K, capacity 96376K, committed 96660K, reserved 1132544K
  class space    used 11827K, capacity 12640K, committed 12732K, reserved 1048576K
}
Event: 284.973 GC heap before
{Heap before GC invocations=36 (full 4):
 PSYoungGen      total 261120K, used 260223K [0x00000000e0000000, 0x00000000f4f00000, 0x0000000100000000)
  eden space 225280K, 100% used [0x00000000e0000000,0x00000000edc00000,0x00000000edc00000)
  from space 35840K, 97% used [0x00000000edc00000,0x00000000efe1ff50,0x00000000eff00000)
  to   space 40960K, 0% used [0x00000000f2700000,0x00000000f2700000,0x00000000f4f00000)
 ParOldGen       total 152576K, used 69681K [0x00000000a0000000, 0x00000000a9500000, 0x00000000e0000000)
  object space 152576K, 45% used [0x00000000a0000000,0x00000000a440c7b8,0x00000000a9500000)
 Metaspace       used 95050K, capacity 99222K, committed 99348K, reserved 1136640K
  class space    used 12111K, capacity 13035K, committed 13116K, reserved 1048576K
Event: 285.844 GC heap after
Heap after GC invocations=36 (full 4):
 PSYoungGen      total 298496K, used 33756K [0x00000000e0000000, 0x00000000f5880000, 0x0000000100000000)
  eden space 257536K, 0% used [0x00000000e0000000,0x00000000e0000000,0x00000000efb80000)
  from space 40960K, 82% used [0x00000000f2700000,0x00000000f47f73c8,0x00000000f4f00000)
  to   space 44544K, 0% used [0x00000000efb80000,0x00000000efb80000,0x00000000f2700000)
 ParOldGen       total 152576K, used 69689K [0x00000000a0000000, 0x00000000a9500000, 0x00000000e0000000)
  object space 152576K, 45% used [0x00000000a0000000,0x00000000a440e7b8,0x00000000a9500000)
 Metaspace       used 95050K, capacity 99222K, committed 99348K, reserved 1136640K
  class space    used 12111K, capacity 13035K, committed 13116K, reserved 1048576K
}

