# JRE version: OpenJDK Runtime Environment (8.0_152-b01) (build 1.8.0_152-release-1343-b01)
# Java VM: OpenJDK 64-Bit Server VM (25.152-b01 mixed mode windows-amd64 compressed oops)
Heap:
 PSYoungGen      total 283136K, used 81712K [0x00000000e0000000, 0x00000000f7c80000, 0x0000000100000000)
  eden space 239616K, 29% used [0x00000000e0000000,0x00000000e4451108,0x00000000eea00000)
  from space 43520K, 27% used [0x00000000f2180000,0x00000000f2cfb2a0,0x00000000f4c00000)
  to   space 56832K, 0% used [0x00000000eea00000,0x00000000eea00000,0x00000000f2180000)
 ParOldGen       total 170496K, used 89220K [0x00000000a0000000, 0x00000000aa680000, 0x00000000e0000000)
  object space 170496K, 52% used [0x00000000a0000000,0x00000000a57212b8,0x00000000aa680000)
 Metaspace       used 90985K, capacity 94476K, committed 94680K, reserved 1130496K
  class space    used 11855K, capacity 12612K, committed 12760K, reserved 1048576K
GC Heap History (10 events):
Event: 209.616 GC heap before
{Heap before GC invocations=24 (full 3):
 PSYoungGen      total 223744K, used 221626K [0x00000000e0000000, 0x00000000efe80000, 0x0000000100000000)
  eden space 197120K, 100% used [0x00000000e0000000,0x00000000ec080000,0x00000000ec080000)
  from space 26624K, 92% used [0x00000000ede00000,0x00000000ef5eea50,0x00000000ef800000)
  to   space 30208K, 0% used [0x00000000ec080000,0x00000000ec080000,0x00000000ede00000)
 ParOldGen       total 89600K, used 65597K [0x00000000a0000000, 0x00000000a5780000, 0x00000000e0000000)
  object space 89600K, 73% used [0x00000000a0000000,0x00000000a400f548,0x00000000a5780000)
 Metaspace       used 81735K, capacity 84396K, committed 84568K, reserved 1122304K
  class space    used 10722K, capacity 11334K, committed 11352K, reserved 1048576K
Event: 209.899 GC heap after
Heap after GC invocations=24 (full 3):
 PSYoungGen      total 227328K, used 28188K [0x00000000e0000000, 0x00000000f1e00000, 0x0000000100000000)
  eden space 197120K, 0% used [0x00000000e0000000,0x00000000e0000000,0x00000000ec080000)
  from space 30208K, 93% used [0x00000000ec080000,0x00000000edc07040,0x00000000ede00000)
  to   space 34304K, 0% used [0x00000000efc80000,0x00000000efc80000,0x00000000f1e00000)
 ParOldGen       total 89600K, used 65621K [0x00000000a0000000, 0x00000000a5780000, 0x00000000e0000000)
  object space 89600K, 73% used [0x00000000a0000000,0x00000000a4015548,0x00000000a5780000)
 Metaspace       used 81735K, capacity 84396K, committed 84568K, reserved 1122304K
  class space    used 10722K, capacity 11334K, committed 11352K, reserved 1048576K
}
Event: 211.061 GC heap before
{Heap before GC invocations=25 (full 3):
 PSYoungGen      total 227328K, used 225308K [0x00000000e0000000, 0x00000000f1e00000, 0x0000000100000000)
  eden space 197120K, 100% used [0x00000000e0000000,0x00000000ec080000,0x00000000ec080000)
  from space 30208K, 93% used [0x00000000ec080000,0x00000000edc07040,0x00000000ede00000)
  to   space 34304K, 0% used [0x00000000efc80000,0x00000000efc80000,0x00000000f1e00000)
 ParOldGen       total 89600K, used 65621K [0x00000000a0000000, 0x00000000a5780000, 0x00000000e0000000)
  object space 89600K, 73% used [0x00000000a0000000,0x00000000a4015548,0x00000000a5780000)
 Metaspace       used 81836K, capacity 84520K, committed 84568K, reserved 1122304K
  class space    used 10736K, capacity 11348K, committed 11352K, reserved 1048576K
Event: 211.107 GC heap after
Heap after GC invocations=25 (full 3):
 PSYoungGen      total 254976K, used 30320K [0x00000000e0000000, 0x00000000f2980000, 0x0000000100000000)
  eden space 220672K, 0% used [0x00000000e0000000,0x00000000e0000000,0x00000000ed780000)
  from space 34304K, 88% used [0x00000000efc80000,0x00000000f1a1c0c0,0x00000000f1e00000)
  to   space 37888K, 0% used [0x00000000ed780000,0x00000000ed780000,0x00000000efc80000)
 ParOldGen       total 89600K, used 65629K [0x00000000a0000000, 0x00000000a5780000, 0x00000000e0000000)
  object space 89600K, 73% used [0x00000000a0000000,0x00000000a4017548,0x00000000a5780000)
 Metaspace       used 81836K, capacity 84520K, committed 84568K, reserved 1122304K
  class space    used 10736K, capacity 11348K, committed 11352K, reserved 1048576K
}
Event: 219.378 GC heap before
{Heap before GC invocations=26 (full 3):
 PSYoungGen      total 254976K, used 250992K [0x00000000e0000000, 0x00000000f2980000, 0x0000000100000000)
  eden space 220672K, 100% used [0x00000000e0000000,0x00000000ed780000,0x00000000ed780000)
  from space 34304K, 88% used [0x00000000efc80000,0x00000000f1a1c0c0,0x00000000f1e00000)
  to   space 37888K, 0% used [0x00000000ed780000,0x00000000ed780000,0x00000000efc80000)
 ParOldGen       total 89600K, used 65629K [0x00000000a0000000, 0x00000000a5780000, 0x00000000e0000000)
  object space 89600K, 73% used [0x00000000a0000000,0x00000000a4017548,0x00000000a5780000)
 Metaspace       used 82823K, capacity 85672K, committed 85720K, reserved 1124352K
  class space    used 10829K, capacity 11461K, committed 11480K, reserved 1048576K
Event: 219.454 GC heap after
Heap after GC invocations=26 (full 3):
 PSYoungGen      total 258560K, used 36426K [0x00000000e0000000, 0x00000000f4c00000, 0x0000000100000000)
  eden space 220672K, 0% used [0x00000000e0000000,0x00000000e0000000,0x00000000ed780000)
  from space 37888K, 96% used [0x00000000ed780000,0x00000000efb12b38,0x00000000efc80000)
  to   space 43520K, 0% used [0x00000000f2180000,0x00000000f2180000,0x00000000f4c00000)
 ParOldGen       total 89600K, used 65629K [0x00000000a0000000, 0x00000000a5780000, 0x00000000e0000000)
  object space 89600K, 73% used [0x00000000a0000000,0x00000000a4017548,0x00000000a5780000)
 Metaspace       used 82823K, capacity 85672K, committed 85720K, reserved 1124352K
  class space    used 10829K, capacity 11461K, committed 11480K, reserved 1048576K
}
Event: 222.331 GC heap before
{Heap before GC invocations=27 (full 3):
 PSYoungGen      total 258560K, used 257098K [0x00000000e0000000, 0x00000000f4c00000, 0x0000000100000000)
  eden space 220672K, 100% used [0x00000000e0000000,0x00000000ed780000,0x00000000ed780000)
  from space 37888K, 96% used [0x00000000ed780000,0x00000000efb12b38,0x00000000efc80000)
  to   space 43520K, 0% used [0x00000000f2180000,0x00000000f2180000,0x00000000f4c00000)
 ParOldGen       total 89600K, used 65629K [0x00000000a0000000, 0x00000000a5780000, 0x00000000e0000000)
  object space 89600K, 73% used [0x00000000a0000000,0x00000000a4017548,0x00000000a5780000)
 Metaspace       used 89069K, capacity 92522K, committed 92632K, reserved 1130496K
  class space    used 11725K, capacity 12500K, committed 12504K, reserved 1048576K
Event: 222.908 GC heap after
Heap after GC invocations=27 (full 3):
 PSYoungGen      total 283136K, used 43503K [0x00000000e0000000, 0x00000000f7c80000, 0x0000000100000000)
  eden space 239616K, 0% used [0x00000000e0000000,0x00000000e0000000,0x00000000eea00000)
  from space 43520K, 99% used [0x00000000f2180000,0x00000000f4bfbc48,0x00000000f4c00000)
  to   space 56832K, 0% used [0x00000000eea00000,0x00000000eea00000,0x00000000f2180000)
 ParOldGen       total 89600K, used 82003K [0x00000000a0000000, 0x00000000a5780000, 0x00000000e0000000)
  object space 89600K, 91% used [0x00000000a0000000,0x00000000a5014f58,0x00000000a5780000)
 Metaspace       used 89069K, capacity 92522K, committed 92632K, reserved 1130496K
  class space    used 11725K, capacity 12500K, committed 12504K, reserved 1048576K
}
Event: 222.909 GC heap before
{Heap before GC invocations=28 (full 4):
 PSYoungGen      total 283136K, used 43503K [0x00000000e0000000, 0x00000000f7c80000, 0x0000000100000000)
  eden space 239616K, 0% used [0x00000000e0000000,0x00000000e0000000,0x00000000eea00000)
  from space 43520K, 99% used [0x00000000f2180000,0x00000000f4bfbc48,0x00000000f4c00000)
  to   space 56832K, 0% used [0x00000000eea00000,0x00000000eea00000,0x00000000f2180000)
 ParOldGen       total 89600K, used 82003K [0x00000000a0000000, 0x00000000a5780000, 0x00000000e0000000)
  object space 89600K, 91% used [0x00000000a0000000,0x00000000a5014f58,0x00000000a5780000)
 Metaspace       used 89069K, capacity 92522K, committed 92632K, reserved 1130496K
  class space    used 11725K, capacity 12500K, committed 12504K, reserved 1048576K
Event: 226.099 GC heap after
Heap after GC invocations=28 (full 4):
 PSYoungGen      total 283136K, used 11756K [0x00000000e0000000, 0x00000000f7c80000, 0x0000000100000000)
  eden space 239616K, 0% used [0x00000000e0000000,0x00000000e0000000,0x00000000eea00000)
  from space 43520K, 27% used [0x00000000f2180000,0x00000000f2cfb2a0,0x00000000f4c00000)
  to   space 56832K, 0% used [0x00000000eea00000,0x00000000eea00000,0x00000000f2180000)
 ParOldGen       total 170496K, used 89220K [0x00000000a0000000, 0x00000000aa680000, 0x00000000e0000000)
  object space 170496K, 52% used [0x00000000a0000000,0x00000000a57212b8,0x00000000aa680000)
 Metaspace       used 88829K, capacity 92000K, committed 92632K, reserved 1130496K
  class space    used 11642K, capacity 12354K, committed 12504K, reserved 1048576K
}

