# JRE version: OpenJDK Runtime Environment (8.0_152-b01) (build 1.8.0_152-release-1343-b01)
# Java VM: OpenJDK 64-Bit Server VM (25.152-b01 mixed mode windows-amd64 compressed oops)
Heap:
 PSYoungGen      total 306688K, used 54064K [0x00000000e0000000, 0x00000000fcc00000, 0x0000000100000000)
  eden space 230400K, 23% used [0x00000000e0000000,0x00000000e34cc3b8,0x00000000ee100000)
  from space 76288K, 0% used [0x00000000f4400000,0x00000000f4400000,0x00000000f8e80000)
  to   space 101376K, 0% used [0x00000000ee100000,0x00000000ee100000,0x00000000f4400000)
 ParOldGen       total 214528K, used 121444K [0x00000000a0000000, 0x00000000ad180000, 0x00000000e0000000)
  object space 214528K, 56% used [0x00000000a0000000,0x00000000a76991e0,0x00000000ad180000)
 Metaspace       used 79316K, capacity 82266K, committed 82776K, reserved 1120256K
  class space    used 10346K, capacity 10959K, committed 11096K, reserved 1048576K
GC Heap History (10 events):
Event: 51.301 GC heap before
{Heap before GC invocations=25 (full 3):
 PSYoungGen      total 262656K, used 238789K [0x00000000e0000000, 0x00000000f3480000, 0x0000000100000000)
  eden space 224256K, 100% used [0x00000000e0000000,0x00000000edb00000,0x00000000edb00000)
  from space 38400K, 37% used [0x00000000edb00000,0x00000000ee931408,0x00000000f0080000)
  to   space 36864K, 0% used [0x00000000f1080000,0x00000000f1080000,0x00000000f3480000)
 ParOldGen       total 101888K, used 80039K [0x00000000a0000000, 0x00000000a6380000, 0x00000000e0000000)
  object space 101888K, 78% used [0x00000000a0000000,0x00000000a4e29e08,0x00000000a6380000)
 Metaspace       used 78832K, capacity 82010K, committed 82264K, reserved 1120256K
  class space    used 10345K, capacity 11001K, committed 11096K, reserved 1048576K
Event: 51.372 GC heap after
Heap after GC invocations=25 (full 3):
 PSYoungGen      total 263680K, used 36840K [0x00000000e0000000, 0x00000000f5400000, 0x0000000100000000)
  eden space 226816K, 0% used [0x00000000e0000000,0x00000000e0000000,0x00000000edd80000)
  from space 36864K, 99% used [0x00000000f1080000,0x00000000f347a278,0x00000000f3480000)
  to   space 52224K, 0% used [0x00000000edd80000,0x00000000edd80000,0x00000000f1080000)
 ParOldGen       total 106496K, used 106179K [0x00000000a0000000, 0x00000000a6800000, 0x00000000e0000000)
  object space 106496K, 99% used [0x00000000a0000000,0x00000000a67b0ed0,0x00000000a6800000)
 Metaspace       used 78832K, capacity 82010K, committed 82264K, reserved 1120256K
  class space    used 10345K, capacity 11001K, committed 11096K, reserved 1048576K
}
Event: 51.380 GC heap before
{Heap before GC invocations=26 (full 4):
 PSYoungGen      total 263680K, used 36840K [0x00000000e0000000, 0x00000000f5400000, 0x0000000100000000)
  eden space 226816K, 0% used [0x00000000e0000000,0x00000000e0000000,0x00000000edd80000)
  from space 36864K, 99% used [0x00000000f1080000,0x00000000f347a278,0x00000000f3480000)
  to   space 52224K, 0% used [0x00000000edd80000,0x00000000edd80000,0x00000000f1080000)
 ParOldGen       total 106496K, used 106179K [0x00000000a0000000, 0x00000000a6800000, 0x00000000e0000000)
  object space 106496K, 99% used [0x00000000a0000000,0x00000000a67b0ed0,0x00000000a6800000)
 Metaspace       used 78832K, capacity 82010K, committed 82264K, reserved 1120256K
  class space    used 10345K, capacity 11001K, committed 11096K, reserved 1048576K
Event: 52.805 GC heap after
Heap after GC invocations=26 (full 4):
 PSYoungGen      total 263680K, used 15157K [0x00000000e0000000, 0x00000000f5400000, 0x0000000100000000)
  eden space 226816K, 0% used [0x00000000e0000000,0x00000000e0000000,0x00000000edd80000)
  from space 36864K, 41% used [0x00000000f1080000,0x00000000f1f4d580,0x00000000f3480000)
  to   space 52224K, 0% used [0x00000000edd80000,0x00000000edd80000,0x00000000f1080000)
 ParOldGen       total 214528K, used 106429K [0x00000000a0000000, 0x00000000ad180000, 0x00000000e0000000)
  object space 214528K, 49% used [0x00000000a0000000,0x00000000a67ef420,0x00000000ad180000)
 Metaspace       used 78623K, capacity 81506K, committed 82264K, reserved 1120256K
  class space    used 10273K, capacity 10873K, committed 11096K, reserved 1048576K
}
Event: 55.823 GC heap before
{Heap before GC invocations=27 (full 4):
 PSYoungGen      total 263680K, used 241973K [0x00000000e0000000, 0x00000000f5400000, 0x0000000100000000)
  eden space 226816K, 100% used [0x00000000e0000000,0x00000000edd80000,0x00000000edd80000)
  from space 36864K, 41% used [0x00000000f1080000,0x00000000f1f4d580,0x00000000f3480000)
  to   space 52224K, 0% used [0x00000000edd80000,0x00000000edd80000,0x00000000f1080000)
 ParOldGen       total 214528K, used 106429K [0x00000000a0000000, 0x00000000ad180000, 0x00000000e0000000)
  object space 214528K, 49% used [0x00000000a0000000,0x00000000a67ef420,0x00000000ad180000)
 Metaspace       used 79220K, capacity 82142K, committed 82776K, reserved 1120256K
  class space    used 10344K, capacity 10959K, committed 11096K, reserved 1048576K
Event: 56.098 GC heap after
Heap after GC invocations=27 (full 4):
 PSYoungGen      total 279040K, used 52198K [0x00000000e0000000, 0x00000000f8e80000, 0x0000000100000000)
  eden space 226816K, 0% used [0x00000000e0000000,0x00000000e0000000,0x00000000edd80000)
  from space 52224K, 99% used [0x00000000edd80000,0x00000000f1079980,0x00000000f1080000)
  to   space 76288K, 0% used [0x00000000f4400000,0x00000000f4400000,0x00000000f8e80000)
 ParOldGen       total 214528K, used 149858K [0x00000000a0000000, 0x00000000ad180000, 0x00000000e0000000)
  object space 214528K, 69% used [0x00000000a0000000,0x00000000a9258828,0x00000000ad180000)
 Metaspace       used 79220K, capacity 82142K, committed 82776K, reserved 1120256K
  class space    used 10344K, capacity 10959K, committed 11096K, reserved 1048576K
}
Event: 59.220 GC heap before
{Heap before GC invocations=28 (full 4):
 PSYoungGen      total 279040K, used 279014K [0x00000000e0000000, 0x00000000f8e80000, 0x0000000100000000)
  eden space 226816K, 100% used [0x00000000e0000000,0x00000000edd80000,0x00000000edd80000)
  from space 52224K, 99% used [0x00000000edd80000,0x00000000f1079980,0x00000000f1080000)
  to   space 76288K, 0% used [0x00000000f4400000,0x00000000f4400000,0x00000000f8e80000)
 ParOldGen       total 214528K, used 149858K [0x00000000a0000000, 0x00000000ad180000, 0x00000000e0000000)
  object space 214528K, 69% used [0x00000000a0000000,0x00000000a9258828,0x00000000ad180000)
 Metaspace       used 79325K, capacity 82294K, committed 82776K, reserved 1120256K
  class space    used 10349K, capacity 10965K, committed 11096K, reserved 1048576K
Event: 59.656 GC heap after
Heap after GC invocations=28 (full 4):
 PSYoungGen      total 306688K, used 76265K [0x00000000e0000000, 0x00000000fcc00000, 0x0000000100000000)
  eden space 230400K, 0% used [0x00000000e0000000,0x00000000e0000000,0x00000000ee100000)
  from space 76288K, 99% used [0x00000000f4400000,0x00000000f8e7a710,0x00000000f8e80000)
  to   space 101376K, 0% used [0x00000000ee100000,0x00000000ee100000,0x00000000f4400000)
 ParOldGen       total 214528K, used 182058K [0x00000000a0000000, 0x00000000ad180000, 0x00000000e0000000)
  object space 214528K, 84% used [0x00000000a0000000,0x00000000ab1caa58,0x00000000ad180000)
 Metaspace       used 79325K, capacity 82294K, committed 82776K, reserved 1120256K
  class space    used 10349K, capacity 10965K, committed 11096K, reserved 1048576K
}
Event: 59.656 GC heap before
{Heap before GC invocations=29 (full 5):
 PSYoungGen      total 306688K, used 76265K [0x00000000e0000000, 0x00000000fcc00000, 0x0000000100000000)
  eden space 230400K, 0% used [0x00000000e0000000,0x00000000e0000000,0x00000000ee100000)
  from space 76288K, 99% used [0x00000000f4400000,0x00000000f8e7a710,0x00000000f8e80000)
  to   space 101376K, 0% used [0x00000000ee100000,0x00000000ee100000,0x00000000f4400000)
 ParOldGen       total 214528K, used 182058K [0x00000000a0000000, 0x00000000ad180000, 0x00000000e0000000)
  object space 214528K, 84% used [0x00000000a0000000,0x00000000ab1caa58,0x00000000ad180000)
 Metaspace       used 79325K, capacity 82294K, committed 82776K, reserved 1120256K
  class space    used 10349K, capacity 10965K, committed 11096K, reserved 1048576K
Event: 62.427 GC heap after
Heap after GC invocations=29 (full 5):
 PSYoungGen      total 306688K, used 0K [0x00000000e0000000, 0x00000000fcc00000, 0x0000000100000000)
  eden space 230400K, 0% used [0x00000000e0000000,0x00000000e0000000,0x00000000ee100000)
  from space 76288K, 0% used [0x00000000f4400000,0x00000000f4400000,0x00000000f8e80000)
  to   space 101376K, 0% used [0x00000000ee100000,0x00000000ee100000,0x00000000f4400000)
 ParOldGen       total 214528K, used 121444K [0x00000000a0000000, 0x00000000ad180000, 0x00000000e0000000)
  object space 214528K, 56% used [0x00000000a0000000,0x00000000a76991e0,0x00000000ad180000)
 Metaspace       used 79315K, capacity 82266K, committed 82776K, reserved 1120256K
  class space    used 10346K, capacity 10959K, committed 11096K, reserved 1048576K
}

